root@ubuntu2204:~# clickhouse-client --password aa2024
ClickHouse client version 23.12.2.59 (official build).
Connecting to localhost:9000 as user default.
Connected to ClickHouse server version 23.12.2.

Warnings:
 * Delay accounting is not enabled, OSIOWaitMicroseconds will not be gathered. Check /proc/sys/kernel/task_delayacct
 * Maximum number of threads is lower than 30000. There could be problems with handling a lot of simultaneous queries.

ubuntu2204.localdomain :) create database test1 comment 'Database for testa OTUS'

CREATE DATABASE test1
COMMENT 'Database for testa OTUS'

Query id: 2fdbefeb-8fef-4cd8-a388-7c5201a83ee7

Ok.

0 rows in set. Elapsed: 0.042 sec.

ubuntu2204.localdomain :) SELECT name, comment FROM system.databases;

SELECT
    name,
    comment
FROM system.databases

Query id: 51e29299-0cb0-41ba-bce0-e2504fe348ac

┌─name───────────────┬─comment─────────────────┐
│ INFORMATION_SCHEMA │                         │
│ default            │                         │
│ information_schema │                         │
│ system             │                         │
│ test1              │ Database for testa OTUS │
└────────────────────┴─────────────────────────┘

5 rows in set. Elapsed: 0.002 sec.

ubuntu2204.localdomain :) exit
Bye.
root@ubuntu2204:~# curl https://datasets.clickhouse.com/hits/tsv/hits_v1.tsv.xz | unxz --threads=`nproc` > hits_v1.tsv
  % Total    % Received % Xferd  Average Speed   Time    Time     Time  Current
                                 Dload  Upload   Total   Spent    Left  Speed
100  802M  100  802M    0     0  3651k      0  0:03:44  0:03:44 --:--:-- 4015k
root@ubuntu2204:~# curl https://datasets.clickhouse.com/visits/tsv/visits_v1.tsv.xz | unxz --threads=`nproc` > visits_v1.tsv
  % Total    % Received % Xferd  Average Speed   Time    Time     Time  Current
                                 Dload  Upload   Total   Spent    Left  Speed
100  405M  100  405M    0     0  5943k      0  0:01:09  0:01:09 --:--:-- 5232k
root@ubuntu2204:~# clickhouse-client --password aa2024
ClickHouse client version 23.12.2.59 (official build).
Connecting to localhost:9000 as user default.
Connected to ClickHouse server version 23.12.2.

Warnings:
 * Delay accounting is not enabled, OSIOWaitMicroseconds will not be gathered. Check /proc/sys/kernel/task_delayacct
 * Maximum number of threads is lower than 30000. There could be problems with handling a lot of simultaneous queries.

ubuntu2204.localdomain :) CREATE TABLE test1.hits_v1
(
    `WatchID` UInt64,    `JavaEnable` UInt8,    `Title` String,    `GoodEvent` Int16,    `EventTime` DateTime,    `EventDate` Date,    `CounterID` UInt32,
    `ClientIP` UInt32,    `ClientIP6` FixedString(16),    `RegionID` UInt32,    `UserID` UInt64,    `CounterClass` Int8,    `OS` UInt8,    `UserAgent` UInt8,
    `URL` String,    `Referer` String,    `URLDomain` String,    `RefererDomain` String,    `Refresh` UInt8,    `IsRobot` UInt8,    `RefererCategories` Array(UInt16),
    `URLCategories` Array(UInt16),    `URLRegions` Array(UInt32),    `RefererRegions` Array(UInt32),    `ResolutionWidth` UInt16,    `ResolutionHeight` UInt16,
    `ResolutionDepth` UInt8,    `FlashMajor` UInt8,    `FlashMinor` UInt8,    `FlashMinor2` String,    `NetMajor` UInt8,    `NetMinor` UInt8,    `UserAgentMajor` UInt16,
    `UserAgentMinor` FixedString(2),    `CookieEnable` UInt8,    `JavascriptEnable` UInt8,    `IsMobile` UInt8,    `MobilePhone` UInt8,    `MobilePhoneModel` String,
    `Params` String,    `IPNetworkID` UInt32,    `TraficSourceID` Int8,    `SearchEngineID` UInt16,    `SearchPhrase` String,    `AdvEngineID` UInt8,
    `IsArtifical` UInt8,    `WindowClientWidth` UInt16,    `WindowClientHeight` UInt16,    `ClientTimeZone` Int16,    `ClientEventTime` DateTime,    `SilverlightVersion1` UInt8,
    `SilverlightVersion2` UInt8,    `SilverlightVersion3` UInt32,    `SilverlightVersion4` UInt16,    `PageCharset` String,    `CodeVersion` UInt32,    `IsLink` UInt8,
    `IsDownload` UInt8,    `IsNotBounce` UInt8,    `FUniqID` UInt64,    `HID` UInt32,    `IsOldCounter` UInt8,    `IsEvent` UInt8,    `IsParameter` UInt8,    `DontCountHits` UInt8,
    `WithHash` UInt8,    `HitColor` FixedString(1),    `UTCEventTime` DateTime,    `Age` UInt8,    `Sex` UInt8,    `Income` UInt8,    `Interests` UInt16,    `Robotness` UInt8,
    `GeneralInterests` Array(UInt16),    `RemoteIP` UInt32,    `RemoteIP6` FixedString(16),    `WindowName` Int32,    `OpenerName` Int32,    `HistoryLength` Int16,
    `BrowserLanguage` FixedString(2),    `BrowserCountry` FixedString(2),    `SocialNetwork` String,    `SocialAction` String,    `HTTPError` UInt16,    `SendTiming` Int32,
    `DNSTiming` Int32,    `ConnectTiming` Int32,    `ResponseStartTiming` Int32,    `ResponseEndTiming` Int32,    `FetchTiming` Int32,    `RedirectTiming` Int32,
    `DOMInteractiveTiming` Int32,    `DOMContentLoadedTiming` Int32,    `DOMCompleteTiming` Int32,    `LoadEventStartTiming` Int32,    `LoadEventEndTiming` Int32,
    `NSToDOMContentLoadedTiming` Int32,    `FirstPaintTiming` Int32,    `RedirectCount` Int8,    `SocialSourceNetworkID` UInt8,    `SocialSourcePage` String,    `ParamPrice` Int64,
    `ParamOrderID` String,    `ParamCurrency` FixedString(3),    `ParamCurrencyID` UInt16,    `GoalsReached` Array(UInt32),    `OpenstatServiceName` String,
    `OpenstatCampaignID` String,    `OpenstatAdID` String,    `OpenstatSourceID` String,    `UTMSource` String,    `UTMMedium` String,    `UTMCampaign` String,    `UTMContent` String,
    `UTMTerm` String,    `FromTag` String,    `HasGCLID` UInt8,    `RefererHash` UInt64,    `URLHash` UInt64,    `CLID` UInt32,    `YCLID` UInt64,    `ShareService` String,
    `ShareURL` String,    `ShareTitle` String,    `ParsedParams` Nested(Key1 String, Key2 String, Key3 String, Key4 String, Key5 String,  ValueDouble Float64),
    `IslandID` FixedString(16),    `RequestNum` UInt32,    `RequestTry` UInt8
)
ENGINE = MergeTree()
PARTITION BY toYYYYMM(EventDate)
ORDER BY (CounterID, EventDate, intHash32(UserID))
SAMPLE BY intHash32(UserID)

CREATE TABLE test1.hits_v1
(
    `WatchID` UInt64,
    `JavaEnable` UInt8,
    `Title` String,
    `GoodEvent` Int16,
    `EventTime` DateTime,
    `EventDate` Date,
    `CounterID` UInt32,
    `ClientIP` UInt32,
    `ClientIP6` FixedString(16),
    `RegionID` UInt32,
    `UserID` UInt64,
    `CounterClass` Int8,
    `OS` UInt8,
    `UserAgent` UInt8,
    `URL` String,
    `Referer` String,
    `URLDomain` String,
    `RefererDomain` String,
    `Refresh` UInt8,
    `IsRobot` UInt8,
    `RefererCategories` Array(UInt16),
    `URLCategories` Array(UInt16),
    `URLRegions` Array(UInt32),
    `RefererRegions` Array(UInt32),
    `ResolutionWidth` UInt16,
    `ResolutionHeight` UInt16,
    `ResolutionDepth` UInt8,
    `FlashMajor` UInt8,
    `FlashMinor` UInt8,
    `FlashMinor2` String,
    `NetMajor` UInt8,
    `NetMinor` UInt8,
    `UserAgentMajor` UInt16,
    `UserAgentMinor` FixedString(2),
    `CookieEnable` UInt8,
    `JavascriptEnable` UInt8,
    `IsMobile` UInt8,
    `MobilePhone` UInt8,
    `MobilePhoneModel` String,
    `Params` String,
    `IPNetworkID` UInt32,
    `TraficSourceID` Int8,
    `SearchEngineID` UInt16,
    `SearchPhrase` String,
    `AdvEngineID` UInt8,
    `IsArtifical` UInt8,
    `WindowClientWidth` UInt16,
    `WindowClientHeight` UInt16,
    `ClientTimeZone` Int16,
    `ClientEventTime` DateTime,
    `SilverlightVersion1` UInt8,
    `SilverlightVersion2` UInt8,
    `SilverlightVersion3` UInt32,
    `SilverlightVersion4` UInt16,
    `PageCharset` String,
    `CodeVersion` UInt32,
    `IsLink` UInt8,
    `IsDownload` UInt8,
    `IsNotBounce` UInt8,
    `FUniqID` UInt64,
    `HID` UInt32,
    `IsOldCounter` UInt8,
    `IsEvent` UInt8,
    `IsParameter` UInt8,
    `DontCountHits` UInt8,
    `WithHash` UInt8,
    `HitColor` FixedString(1),
    `UTCEventTime` DateTime,
    `Age` UInt8,
    `Sex` UInt8,
    `Income` UInt8,
    `Interests` UInt16,
    `Robotness` UInt8,
    `GeneralInterests` Array(UInt16),
    `RemoteIP` UInt32,
    `RemoteIP6` FixedString(16),
    `WindowName` Int32,
    `OpenerName` Int32,
    `HistoryLength` Int16,
    `BrowserLanguage` FixedString(2),
    `BrowserCountry` FixedString(2),
    `SocialNetwork` String,
    `SocialAction` String,
    `HTTPError` UInt16,
    `SendTiming` Int32,
    `DNSTiming` Int32,
    `ConnectTiming` Int32,
    `ResponseStartTiming` Int32,
    `ResponseEndTiming` Int32,
    `FetchTiming` Int32,
    `RedirectTiming` Int32,
    `DOMInteractiveTiming` Int32,
    `DOMContentLoadedTiming` Int32,
    `DOMCompleteTiming` Int32,
    `LoadEventStartTiming` Int32,
    `LoadEventEndTiming` Int32,
    `NSToDOMContentLoadedTiming` Int32,
    `FirstPaintTiming` Int32,
    `RedirectCount` Int8,
    `SocialSourceNetworkID` UInt8,
    `SocialSourcePage` String,
    `ParamPrice` Int64,
    `ParamOrderID` String,
    `ParamCurrency` FixedString(3),
    `ParamCurrencyID` UInt16,
    `GoalsReached` Array(UInt32),
    `OpenstatServiceName` String,
    `OpenstatCampaignID` String,
    `OpenstatAdID` String,
    `OpenstatSourceID` String,
    `UTMSource` String,
    `UTMMedium` String,
    `UTMCampaign` String,
    `UTMContent` String,
    `UTMTerm` String,
    `FromTag` String,
    `HasGCLID` UInt8,
    `RefererHash` UInt64,
    `URLHash` UInt64,
    `CLID` UInt32,
    `YCLID` UInt64,
    `ShareService` String,
    `ShareURL` String,
    `ShareTitle` String,
    `ParsedParams` Nested(Key1 String, Key2 String, Key3 String, Key4 String, Key5 String, ValueDouble Float64),
    `IslandID` FixedString(16),
    `RequestNum` UInt32,
    `RequestTry` UInt8
)
ENGINE = MergeTree
PARTITION BY toYYYYMM(EventDate)
ORDER BY (CounterID, EventDate, intHash32(UserID))
SAMPLE BY intHash32(UserID)

Query id: c0b03c88-56d2-4a12-b475-04d8199dd465

Ok.

0 rows in set. Elapsed: 0.096 sec.

ubuntu2204.localdomain :) CREATE TABLE test1.visits_v1
(    `CounterID` UInt32,
    `StartDate` Date,
    `Sign` Int8,
    `IsNew` UInt8,
    `VisitID` UInt64,
    `UserID` UInt64,
    `StartTime` DateTime,
    `Duration` UInt32,
    `UTCStartTime` DateTime,
    `PageViews` Int32,
    `Hits` Int32,
    `IsBounce` UInt8,
    `Referer` String,
    `StartURL` String,
    `RefererDomain` String,
    `StartURLDomain` String,
    `EndURL` String,
    `LinkURL` String,
    `IsDownload` UInt8,
    `TraficSourceID` Int8,
    `SearchEngineID` UInt16,
    `SearchPhrase` String,
    `AdvEngineID` UInt8,
    `PlaceID` Int32,
    `RefererCategories` Array(UInt16),
    `URLCategories` Array(UInt16),
    `URLRegions` Array(UInt32),
    `RefererRegions` Array(UInt32),
    `IsYandex` UInt8,
    `GoalReachesDepth` Int32,
    `GoalReachesURL` Int32,
    `GoalReachesAny` Int32,
    `SocialSourceNetworkID` UInt8,
    `SocialSourcePage` String,
    `MobilePhoneModel` String,
    `ClientEventTime` DateTime,
    `RegionID` UInt32,
    `ClientIP` UInt32,
    `ClientIP6` FixedString(16),
    `RemoteIP` UInt32,
    `RemoteIP6` FixedString(16),
    `IPNetworkID` UInt32,
    `SilverlightVersion3` UInt32,
    `CodeVersion` UInt32,
    `ResolutionWidth` UInt16,
    `ResolutionHeight` UInt16,
    `UserAgentMajor` UInt16,
    `UserAgentMinor` UInt16,
    `WindowClientWidth` UInt16,
    `WindowClientHeight` UInt16,
    `SilverlightVersion2` UInt8,
    `SilverlightVersion4` UInt16,
    `FlashVersion3` UInt16,
    `FlashVersion4` UInt16,
    `ClientTimeZone` Int16,
    `OS` UInt8,
    `UserAgent` UInt8,
    `ResolutionDepth` UInt8,
    `FlashMajor` UInt8,
    `FlashMinor` UInt8,
    `NetMajor` UInt8,
    `NetMinor` UInt8,
    `MobilePhone` UInt8,
    `SilverlightVersion1` UInt8,
    `Age` UInt8,
    `Sex` UInt8,
    `Income` UInt8,
    `JavaEnable` UInt8,
    `CookieEnable` UInt8,
    `JavascriptEnable` UInt8,
    `IsMobile` UInt8,
    `BrowserLanguage` UInt16,
    `BrowserCountry` UInt16,
    `Interests` UInt16,
    `Robotness` UInt8,
    `GeneralInterests` Array(UInt16),
    `Params` Array(String),
    `Goals` Nested(
        ID UInt32,
        Serial UInt32,
        EventTime DateTime,
        Price Int64,
        OrderID String,
        CurrencyID UInt32),
    `WatchIDs` Array(UInt64),
    `ParamSumPrice` Int64,
    `ParamCurrency` FixedString(3),
    `ParamCurrencyID` UInt16,
    `ClickLogID` UInt64,
    `ClickEventID` Int32,
    `ClickGoodEvent` Int32,
    `ClickEventTime` DateTime,
    `ClickPriorityID` Int32,
    `ClickPhraseID` Int32,
    `ClickPageID` Int32,
    `ClickPlaceID` Int32,
    `ClickTypeID` Int32,
    `ClickResourceID` Int32,
    `ClickCost` UInt32,
    `ClickClientIP` UInt32,
    `ClickDomainID` UInt32,
    `ClickURL` String,
    `ClickAttempt` UInt8,
    `ClickOrderID` UInt32,
    `ClickBannerID` UInt32,
    `ClickMarketCategoryID` UInt32,
    `ClickMarketPP` UInt32,
    `ClickMarketCategoryName` String,
    `ClickMarketPPName` String,
    `ClickAWAPSCampaignName` String,
    `ClickPageName` String,
    `ClickTargetType` UInt16,
    `ClickTargetPhraseID` UInt64,
    `ClickContextType` UInt8,
    `ClickSelectType` Int8,
    `ClickOptions` String,
    `ClickGroupBannerID` Int32,
    `OpenstatServiceName` String,
    `OpenstatCampaignID` String,
    `OpenstatAdID` String,
    `OpenstatSourceID` String,
    `UTMSource` String,
    `UTMMedium` String,
    `UTMCampaign` String,
    `UTMContent` String,
    `UTMTerm` String,
    `FromTag` String,
    `HasGCLID` UInt8,
    `FirstVisit` DateTime,
    `PredLastVisit` Date,
    `LastVisit` Date,
    `TotalVisits` UInt32,
    `TraficSource` Nested(
        ID Int8,
        SearchEngineID UInt16,
        AdvEngineID UInt8,
        PlaceID UInt16,
        SocialSourceNetworkID UInt8,
        Domain String,
        SearchPhrase String,
        SocialSourcePage String),
    `Attendance` FixedStriCREATE TABLE test1.visits_v1
(    `CounterID` UInt32,
    `StartDate` Date,
    `Sign` Int8,
    `IsNew` UInt8,
    `VisitID` UInt64,
    `UserID` UInt64,
    `StartTime` DateTime,
    `Duration` UInt32,
    `UTCStartTime` DateTime,
    `PageViews` Int32,
    `Hits` Int32,
    `IsBounce` UInt8,
    `Referer` String,
    `StartURL` String,
    `RefererDomain` String,
    `StartURLDomain` String,
    `EndURL` String,
    `LinkURL` String,
    `IsDownload` UInt8,
    `TraficSourceID` Int8,
    `SearchEngineID` UInt16,
    `SearchPhrase` String,
    `AdvEngineID` UInt8,
    `PlaceID` Int32,
    `RefererCategories` Array(UInt16),
    `URLCategories` Array(UInt16),
    `URLRegions` Array(UInt32),
    `RefererRegions` Array(UInt32),
    `IsYandex` UInt8,
    `GoalReachesDepth` Int32,
    `GoalReachesURL` Int32,
    `GoalReachesAny` Int32,
    `SocialSourceNetworkID` UInt8,
    `SocialSourcePage` String,
    `MobilePhoneModel` String,
    `ClientEventTime` DateTime,
    `RegionID` UInt32,
    `ClientIP` UInt32,
    `ClientIP6` FixedString(16),
    `RemoteIP` UInt32,
    `RemoteIP6` FixedString(16),
    `IPNetworkID` UInt32,
    `SilverlightVersion3` UInt32,
    `CodeVersion` UInt32,
    `ResolutionWidth` UInt16,
    `ResolutionHeight` UInt16,
    `UserAgentMajor` UInt16,
    `UserAgentMinor` UInt16,
    `WindowClientWidth` UInt16,
    `WindowClientHeight` UInt16,
    `SilverlightVersion2` UInt8,
    `SilverlightVersion4` UInt16,
    `FlashVersion3` UInt16,
    `FlashVersion4` UInt16,
    `ClientTimeZone` Int16,
    `OS` UInt8,
    `UserAgent` UInt8,
    `ResolutionDepth` UInt8,
    `FlashMajor` UInt8,
    `FlashMinor` UInt8,
    `NetMajor` UInt8,
    `NetMinor` UInt8,
    `MobilePhone` UInt8,
    `SilverlightVersion1` UInt8,
    `Age` UInt8,
    `Sex` UInt8,
    `Income` UInt8,
    `JavaEnable` UInt8,
    `CookieEnable` UInt8,
    `JavascriptEnable` UInt8,
    `IsMobile` UInt8,
    `BrowserLanguage` UInt16,
    `BrowserCountry` UInt16,
    `Interests` UInt16,
    `Robotness` UInt8,
    `GeneralInterests` Array(UInt16),
    `Params` Array(String),
    `Goals` Nested(
        ID UInt32,
        Serial UInt32,
        EventTime DateTime,
        Price Int64,
        OrderID String,
        CurrencyID UInt32),
    `WatchIDs` Array(UInt64),
    `ParamSumPrice` Int64,
    `ParamCurrency` FixedString(3),
    `ParamCurrencyID` UInt16,
    `ClickLogID` UInt64,
    `ClickEventID` Int32,
    `ClickGoodEvent` Int32,
    `ClickEventTime` DateTime,
    `ClickPriorityID` Int32,
    `ClickPhraseID` Int32,
    `ClickPageID` Int32,
    `ClickPlaceID` Int32,
    `ClickTypeID` Int32,
    `ClickResourceID` Int32,
    `ClickCost` UInt32,
    `ClickClientIP` UInt32,
    `ClickDomainID` UInt32,
    `ClickURL` String,
    `ClickAttempt` UInt8,
    `ClickOrderID` UInt32,
    `ClickBannerID` UInt32,
    `ClickMarketCategoryID` UInt32,
    `ClickMarketPP` UInt32,
    `ClickMarketCategoryName` String,
    `ClickMarketPPName` String,
    `ClickAWAPSCampaignName` String,
    `ClickPageName` String,
    `ClickTargetType` UInt16,
    `ClickTargetPhraseID` UInt64,
    `ClickContextType` UInt8,
    `ClickSelectType` Int8,
    `ClickOptions` String,
    `ClickGroupBannerID` Int32,
    `OpenstatServiceName` String,
    `OpenstatCampaignID` String,
    `OpenstatAdID` String,
    `OpenstatSourceID` String,
    `UTMSource` String,
    `UTMMedium` String,
    `UTMCampaign` String,
    `UTMContent` String,
    `UTMTerm` String,
    `FromTag` String,
    `HasGCLID` UInt8,
    `FirstVisit` DateTime,
    `PredLastVisit` Date,
    `LastVisit` Date,
    `TotalVisits` UInt32,
    `TraficSource` Nested(
        ID Int8,
        SearchEngineID UInt16,
        AdvEngineID UInt8,
        PlaceID UInt16,
        SocialSourceNetworkID UInt8,
        Domain String,
        SearchPhrase String,
        SocialSourcePage String),
    `Attendance` FixedString(16),
    `CLID` UInt32,
    `YCLID` UInt64,
    `NormalizedRefererHash` UInt64,
    `SearchPhraseHash` UInt64,
    `RefererDomainHash` UInt64,
    `NormalizedStartURLHash` UInt64,
    `StartURLDomainHash` UInt64,
    `NormalizedEndURLHash` UInt64,
    `TopLevelDomain` UInt64,
    `URLScheme` UInt64,
    `OpenstatServiceNameHash` UInt64,
    `OpenstatCampaignIDHash` UInt64,
    `OpenstatAdIDHash` UInt64,
    `OpenstatSourceIDHash` UInt64,
    `UTMSourceHash` UInt64,
    `UTMMediumHash` UInt64,
    `UTMCampaignHash` UInt64,
    `UTMContentHash` UInt64,
    `UTMTermHash` UInt64,
    `FromHash` UInt64,
    `WebVisorEnabled` UInt8,
    `WebVisorActivity` UInt32,
    `ParsedParams` Nested(
        Key1 String,
        Key2 String,
        Key3 String,
        Key4 String,
        Key5 String,
        ValueDouble Float64),
    `Market` Nested(
        Type UInt8,
        GoalID UInt32,
        OrderID String,
        OrderPrice Int64,
        PP UInt32,
        DirectPlaceID UInt32,
        DirectOrderID UInt32,
        DirectBannerID UInt32,
        GoodID String,
        GoodName String,
        GoodQuantity Int32,
        GoodPrice Int64),
    `IslandID` FixedString(16)
)
ENGINE = CollapsingMergeTree(Sign)
PARTITION BY toYYYYMM(StartDate)
ORDER BY (CounterID, StartDate, intHash32(UserID), VisitID)
SAMPLE BY intHash32(UserID)


CREATE TABLE test1.visits_v1
(
    `CounterID` UInt32,
    `StartDate` Date,
    `Sign` Int8,
    `IsNew` UInt8,
    `VisitID` UInt64,
    `UserID` UInt64,
    `StartTime` DateTime,
    `Duration` UInt32,
    `UTCStartTime` DateTime,
    `PageViews` Int32,
    `Hits` Int32,
    `IsBounce` UInt8,
    `Referer` String,
    `StartURL` String,
    `RefererDomain` String,
    `StartURLDomain` String,
    `EndURL` String,
    `LinkURL` String,
    `IsDownload` UInt8,
    `TraficSourceID` Int8,
    `SearchEngineID` UInt16,
    `SearchPhrase` String,
    `AdvEngineID` UInt8,
    `PlaceID` Int32,
    `RefererCategories` Array(UInt16),
    `URLCategories` Array(UInt16),
    `URLRegions` Array(UInt32),
    `RefererRegions` Array(UInt32),
    `IsYandex` UInt8,
    `GoalReachesDepth` Int32,
    `GoalReachesURL` Int32,
    `GoalReachesAny` Int32,
    `SocialSourceNetworkID` UInt8,
    `SocialSourcePage` String,
    `MobilePhoneModel` String,
    `ClientEventTime` DateTime,
    `RegionID` UInt32,
    `ClientIP` UInt32,
    `ClientIP6` FixedString(16),
    `RemoteIP` UInt32,
    `RemoteIP6` FixedString(16),
    `IPNetworkID` UInt32,
    `SilverlightVersion3` UInt32,
    `CodeVersion` UInt32,
    `ResolutionWidth` UInt16,
    `ResolutionHeight` UInt16,
    `UserAgentMajor` UInt16,
    `UserAgentMinor` UInt16,
    `WindowClientWidth` UInt16,
    `WindowClientHeight` UInt16,
    `SilverlightVersion2` UInt8,
    `SilverlightVersion4` UInt16,
    `FlashVersion3` UInt16,
    `FlashVersion4` UInt16,
    `ClientTimeZone` Int16,
    `OS` UInt8,
    `UserAgent` UInt8,
    `ResolutionDepth` UInt8,
    `FlashMajor` UInt8,
    `FlashMinor` UInt8,
    `NetMajor` UInt8,
    `NetMinor` UInt8,
    `MobilePhone` UInt8,
    `SilverlightVersion1` UInt8,
    `Age` UInt8,
    `Sex` UInt8,
    `Income` UInt8,
    `JavaEnable` UInt8,
    `CookieEnable` UInt8,
    `JavascriptEnable` UInt8,
    `IsMobile` UInt8,
    `BrowserLanguage` UInt16,
    `BrowserCountry` UInt16,
    `Interests` UInt16,
    `Robotness` UInt8,
    `GeneralInterests` Array(UInt16),
    `Params` Array(String),
    `Goals` Nested(ID UInt32, Serial UInt32, EventTime DateTime, Price Int64, OrderID String, CurrencyID UInt32),
    `WatchIDs` Array(UInt64),
    `ParamSumPrice` Int64,
    `ParamCurrency` FixedString(3),
    `ParamCurrencyID` UInt16,
    `ClickLogID` UInt64,
    `ClickEventID` Int32,
    `ClickGoodEvent` Int32,
    `ClickEventTime` DateTime,
    `ClickPriorityID` Int32,
    `ClickPhraseID` Int32,
    `ClickPageID` Int32,
    `ClickPlaceID` Int32,
    `ClickTypeID` Int32,
    `ClickResourceID` Int32,
    `ClickCost` UInt32,
    `ClickClientIP` UInt32,
    `ClickDomainID` UInt32,
    `ClickURL` String,
    `ClickAttempt` UInt8,
    `ClickOrderID` UInt32,
    `ClickBannerID` UInt32,
    `ClickMarketCategoryID` UInt32,
    `ClickMarketPP` UInt32,
    `ClickMarketCategoryName` String,
    `ClickMarketPPName` String,
    `ClickAWAPSCampaignName` String,
    `ClickPageName` String,
    `ClickTargetType` UInt16,
    `ClickTargetPhraseID` UInt64,
    `ClickContextType` UInt8,
    `ClickSelectType` Int8,
    `ClickOptions` String,
    `ClickGroupBannerID` Int32,
    `OpenstatServiceName` String,
    `OpenstatCampaignID` String,
    `OpenstatAdID` String,
    `OpenstatSourceID` String,
    `UTMSource` String,
    `UTMMedium` String,
    `UTMCampaign` String,
    `UTMContent` String,
    `UTMTerm` String,
    `FromTag` String,
    `HasGCLID` UInt8,
    `FirstVisit` DateTime,
    `PredLastVisit` Date,
    `LastVisit` Date,
    `TotalVisits` UInt32,
    `TraficSource` Nested(ID Int8, SearchEngineID UInt16, AdvEngineID UInt8, PlaceID UInt16, SocialSourceNetworkID UInt8, Domain String, SearchPhrase String, SocialSourcePage String),
    `Attendance` FixedString(16),
    `CLID` UInt32,
    `YCLID` UInt64,
    `NormalizedRefererHash` UInt64,
    `SearchPhraseHash` UInt64,
    `RefererDomainHash` UInt64,
    `NormalizedStartURLHash` UInt64,
    `StartURLDomainHash` UInt64,
    `NormalizedEndURLHash` UInt64,
    `TopLevelDomain` UInt64,
    `URLScheme` UInt64,
    `OpenstatServiceNameHash` UInt64,
    `OpenstatCampaignIDHash` UInt64,
    `OpenstatAdIDHash` UInt64,
    `OpenstatSourceIDHash` UInt64,
    `UTMSourceHash` UInt64,
    `UTMMediumHash` UInt64,
    `UTMCampaignHash` UInt64,
    `UTMContentHash` UInt64,
    `UTMTermHash` UInt64,
    `FromHash` UInt64,
    `WebVisorEnabled` UInt8,
    `WebVisorActivity` UInt32,
    `ParsedParams` Nested(Key1 String, Key2 String, Key3 String, Key4 String, Key5 String, ValueDouble Float64),
    `Market` Nested(Type UInt8, GoalID UInt32, OrderID String, OrderPrice Int64, PP UInt32, DirectPlaceID UInt32, DirectOrderID UInt32, DirectBannerID UInt32, GoodID String, GoodName String, GoodQuantity Int32, GoodPrice Int64),
    `IslandID` FixedString(16)
)
ENGINE = CollapsingMergeTree(Sign)
PARTITION BY toYYYYMM(StartDate)
ORDER BY (CounterID, StartDate, intHash32(UserID), VisitID)
SAMPLE BY intHash32(UserID)

Query id: 2ae3d039-3662-4579-b617-cc9c19c61f7b

Ok.

0 rows in set. Elapsed: 0.033 sec.

ubuntu2204.localdomain :) exit
Bye.

root@ubuntu2204:~# clickhouse-client --query "INSERT INTO test1.hits_v1 FORMAT TSV" --max_insert_block_size=100000 < hits_v1.tsv --password aa2024
root@ubuntu2204:~# clickhouse-client --query "INSERT INTO test1.visits_v1 FORMAT TSV" --max_insert_block_size=100000 < visits_v1.tsv  --password aa2024

root@ubuntu2204:~# clickhouse-client --password aa2024
ClickHouse client version 23.12.2.59 (official build).
Connecting to localhost:9000 as user default.
Connected to ClickHouse server version 23.12.2.

Warnings:
 * Delay accounting is not enabled, OSIOWaitMicroseconds will not be gathered. Check /proc/sys/kernel/task_delayacct
 * Maximum number of threads is lower than 30000. There could be problems with handling a lot of simultaneous queries.


ubuntu2204.localdomain :) OPTIMIZE TABLE test1.hits_v1 FINAL

OPTIMIZE TABLE test1.hits_v1 FINAL

Query id: 246d663b-4023-42d0-81cc-f4bad16bc456

Ok.

0 rows in set. Elapsed: 156.347 sec.

ubuntu2204.localdomain :) OPTIMIZE TABLE test1.visits_v1 FINAL

OPTIMIZE TABLE test1.visits_v1 FINAL

Query id: 462e50ec-de99-4084-bedf-34edb9a841ce

Ok.

0 rows in set. Elapsed: 55.582 sec.

ubuntu2204.localdomain :) SELECT COUNT(*) FROM test1.hits_v1

SELECT COUNT(*)
FROM test1.hits_v1

Query id: 9740aca5-c3f7-4d99-8156-b80919d4dde1

┌─count()─┐
│ 8873898 │
└─────────┘

1 row in set. Elapsed: 0.046 sec.

ubuntu2204.localdomain :) SELECT COUNT(*) FROM test1.visits_v1

SELECT COUNT(*)
FROM test1.visits_v1

Query id: 1ad4e149-c4b0-4bb8-8728-8d84cb5dfedd

┌─count()─┐
│ 1676861 │
└─────────┘

1 row in set. Elapsed: 0.004 sec.

ubuntu2204.localdomain :) SELECT
    StartURL AS URL,
    AVG(Duration) AS AvgDuration
FROM test1.visits_v1
WHERE StartDate BETWEEN '2014-03-20' AND '2014-03-22'
GROUP BY URL
ORDER BY AvgDuration DESC
LIMIT 10

SELECT
    StartURL AS URL,
    AVG(Duration) AS AvgDuration
FROM test1.visits_v1
WHERE (StartDate >= '2014-03-20') AND (StartDate <= '2014-03-22')
GROUP BY URL
ORDER BY AvgDuration DESC
LIMIT 10

Query id: cd81b965-516e-4956-a650-dec2ea9873d3

┌─URL────────────────────────────────────────────────────────────────────────────────────────────────────────────────────────────────────────────────────────────────────────────────────────────────────────────────────────────────────────────────────────┬─AvgDuration─┐
│ http://yandex.ru/voproki-denginekoloji/yogasharov.com%2Fincident                                                                                                                                                                                           │       70003 │
│ http://e.mail.ru/article/?fromId=90600/?ref_map={"6392068042695625a2bb38379/?fromma.tv/service.net/rus/viewer_type                                                                                                                                         │       64755 │
│ http://e.mail.ru/article/?fromId=c219e38c705fcce0                                                                                                                                                                                                          │       55171 │
│ http://news/?id=20947.html/alexpire=1&pos=0&rpt=simages                                                                                                                                                                                                    │       50898 │
│ http://wot/html_paradioved.ru/video/b01/0000008,0.114/4436065/?nomoovi                                                                                                                                                                                     │     50659.5 │
│ http://karta/Futbol/dynamo.kiev.zakon.kz/acun-icinema/modnaya_obuvi.html?cuid=click_id]=1&ie=UTF-8&l=vi&p=AhY_cQVTQQZLAVEDZFcJG1F4XldReWVoX0die38xIAEsQVgWCVtXd0B_d2ACemhbU0dIJRUtcmRyXVdfR1RxCDBIFic4aAMMVQ1AA1MuTEhEGHVfV1dnY3wPFWVybhN2WmoLeEJdJV8LM2Jzf3d8d5 │       46261 │
│ http://xmusic/vstreatings of speeds                                                                                                                                                                                                                        │       42955 │
│ http://karta/Futbol/dynpage=0&ads_app_user_apps.ru                                                                                                                                                                                                         │       42693 │
│ http://yandex.ru/sdoc.htm                                                                                                                                                                                                                                  │       41733 │
│ http://news.mail=1&registroystvo                                                                                                                                                                                                                           │       41358 │
└────────────────────────────────────────────────────────────────────────────────────────────────────────────────────────────────────────────────────────────────────────────────────────────────────────────────────────────────────────────────────────────┴─────────────┘

10 rows in set. Elapsed: 0.271 sec. Processed 1.57 million rows, 125.68 MB (5.79 million rows/s., 463.15 MB/s.)
Peak memory usage: 80.50 MiB.

ubuntu2204.localdomain :) SELECT
    sum(Sign) AS visits,
    sumIf(Sign, has(Goals.ID, 1105530)) AS goal_visits,
    (100. * goal_visits) / visits AS goal_percent
FROM test1.visits_v1
WHERE (CounterID = 912887) AND (toYYYYMM(StartDate) = 201403)

SELECT
    sum(Sign) AS visits,
    sumIf(Sign, has(Goals.ID, 1105530)) AS goal_visits,
    (100. * goal_visits) / visits AS goal_percent
FROM test1.visits_v1
WHERE (CounterID = 912887) AND (toYYYYMM(StartDate) = 201403)

Query id: 8595079c-8315-4863-878a-1ec8351fcb52

┌─visits─┬─goal_visits─┬─────goal_percent─┐
│  10545 │        8554 │ 81.1190137505927 │
└────────┴─────────────┴──────────────────┘

1 row in set. Elapsed: 0.041 sec. Processed 19.72 thousand rows, 1.07 MB (480.13 thousand rows/s., 26.16 MB/s.)
Peak memory usage: 50.33 KiB.


